# JRE version: OpenJDK Runtime Environment Microsoft-8035246 (17.0.8+7) (build 17.0.8+7-LTS)
# Java VM: OpenJDK 64-Bit Server VM Microsoft-8035246 (17.0.8+7-LTS, mixed mode, sharing, tiered, compressed oops, compressed class ptrs, g1 gc, windows-amd64)
GC Precious Log:
 CPUs: 12 total, 12 available
 Memory: 32608M
 Large Page Support: Disabled
 NUMA Support: Disabled
 Compressed Oops: Enabled (32-bit)
 Heap Region Size: 1M
 Heap Min Capacity: 8M
 Heap Initial Capacity: 510M
 Heap Max Capacity: 2G
 Pre-touch: Disabled
 Parallel Workers: 10
 Concurrent Workers: 3
 Concurrent Refinement Workers: 10
 Periodic GC: Disabled
Heap:
 garbage-first heap   total 336896K, used 263800K [0x0000000080000000, 0x0000000100000000)
  region size 1024K, 85 young (87040K), 8 survivors (8192K)
 Metaspace       used 103525K, committed 104640K, reserved 557056K
  class space    used 14564K, committed 15104K, reserved 425984K
GC Heap History (20 events):
Event: 40.462 GC heap before
{Heap before GC invocations=62 (full 0):
 garbage-first heap   total 204800K, used 148798K [0x0000000080000000, 0x0000000100000000)
  region size 1024K, 30 young (30720K), 1 survivors (1024K)
 Metaspace       used 89508K, committed 90432K, reserved 557056K
  class space    used 12637K, committed 13056K, reserved 425984K
}
Event: 40.467 GC heap after
{Heap after GC invocations=63 (full 0):
 garbage-first heap   total 204800K, used 125633K [0x0000000080000000, 0x0000000100000000)
  region size 1024K, 4 young (4096K), 4 survivors (4096K)
 Metaspace       used 89508K, committed 90432K, reserved 557056K
  class space    used 12637K, committed 13056K, reserved 425984K
}
Event: 40.540 GC heap before
{Heap before GC invocations=63 (full 0):
 garbage-first heap   total 204800K, used 131777K [0x0000000080000000, 0x0000000100000000)
  region size 1024K, 10 young (10240K), 4 survivors (4096K)
 Metaspace       used 89652K, committed 90560K, reserved 557056K
  class space    used 12662K, committed 13120K, reserved 425984K
}
Event: 40.544 GC heap after
{Heap after GC invocations=64 (full 0):
 garbage-first heap   total 204800K, used 126234K [0x0000000080000000, 0x0000000100000000)
  region size 1024K, 1 young (1024K), 1 survivors (1024K)
 Metaspace       used 89652K, committed 90560K, reserved 557056K
  class space    used 12662K, committed 13120K, reserved 425984K
}
Event: 41.309 GC heap before
{Heap before GC invocations=64 (full 0):
 garbage-first heap   total 204800K, used 157978K [0x0000000080000000, 0x0000000100000000)
  region size 1024K, 32 young (32768K), 1 survivors (1024K)
 Metaspace       used 91739K, committed 92672K, reserved 557056K
  class space    used 12915K, committed 13376K, reserved 425984K
}
Event: 41.314 GC heap after
{Heap after GC invocations=65 (full 0):
 garbage-first heap   total 204800K, used 128189K [0x0000000080000000, 0x0000000100000000)
  region size 1024K, 3 young (3072K), 3 survivors (3072K)
 Metaspace       used 91739K, committed 92672K, reserved 557056K
  class space    used 12915K, committed 13376K, reserved 425984K
}
Event: 41.901 GC heap before
{Heap before GC invocations=66 (full 0):
 garbage-first heap   total 220160K, used 159933K [0x0000000080000000, 0x0000000100000000)
  region size 1024K, 34 young (34816K), 3 survivors (3072K)
 Metaspace       used 93419K, committed 94400K, reserved 557056K
  class space    used 13187K, committed 13632K, reserved 425984K
}
Event: 41.906 GC heap after
{Heap after GC invocations=67 (full 0):
 garbage-first heap   total 220160K, used 129877K [0x0000000080000000, 0x0000000100000000)
  region size 1024K, 4 young (4096K), 4 survivors (4096K)
 Metaspace       used 93419K, committed 94400K, reserved 557056K
  class space    used 13187K, committed 13632K, reserved 425984K
}
Event: 41.979 GC heap before
{Heap before GC invocations=67 (full 0):
 garbage-first heap   total 220160K, used 134997K [0x0000000080000000, 0x0000000100000000)
  region size 1024K, 10 young (10240K), 4 survivors (4096K)
 Metaspace       used 93721K, committed 94720K, reserved 557056K
  class space    used 13231K, committed 13696K, reserved 425984K
}
Event: 41.984 GC heap after
{Heap after GC invocations=68 (full 0):
 garbage-first heap   total 220160K, used 129678K [0x0000000080000000, 0x0000000100000000)
  region size 1024K, 1 young (1024K), 1 survivors (1024K)
 Metaspace       used 93721K, committed 94720K, reserved 557056K
  class space    used 13231K, committed 13696K, reserved 425984K
}
Event: 42.597 GC heap before
{Heap before GC invocations=68 (full 0):
 garbage-first heap   total 220160K, used 171662K [0x0000000080000000, 0x0000000100000000)
  region size 1024K, 42 young (43008K), 1 survivors (1024K)
 Metaspace       used 95910K, committed 96832K, reserved 557056K
  class space    used 13520K, committed 13952K, reserved 425984K
}
Event: 42.601 GC heap after
{Heap after GC invocations=69 (full 0):
 garbage-first heap   total 336896K, used 132315K [0x0000000080000000, 0x0000000100000000)
  region size 1024K, 4 young (4096K), 4 survivors (4096K)
 Metaspace       used 95910K, committed 96832K, reserved 557056K
  class space    used 13520K, committed 13952K, reserved 425984K
}
Event: 43.881 GC heap before
{Heap before GC invocations=69 (full 0):
 garbage-first heap   total 336896K, used 238811K [0x0000000080000000, 0x0000000100000000)
  region size 1024K, 107 young (109568K), 4 survivors (4096K)
 Metaspace       used 96427K, committed 97408K, reserved 557056K
  class space    used 13574K, committed 14016K, reserved 425984K
}
Event: 43.894 GC heap after
{Heap after GC invocations=70 (full 0):
 garbage-first heap   total 336896K, used 149690K [0x0000000080000000, 0x0000000100000000)
  region size 1024K, 14 young (14336K), 14 survivors (14336K)
 Metaspace       used 96427K, committed 97408K, reserved 557056K
  class space    used 13574K, committed 14016K, reserved 425984K
}
Event: 45.793 GC heap before
{Heap before GC invocations=70 (full 0):
 garbage-first heap   total 336896K, used 246970K [0x0000000080000000, 0x0000000100000000)
  region size 1024K, 109 young (111616K), 14 survivors (14336K)
 Metaspace       used 100619K, committed 101696K, reserved 557056K
  class space    used 14165K, committed 14656K, reserved 425984K
}
Event: 45.810 GC heap after
{Heap after GC invocations=71 (full 0):
 garbage-first heap   total 336896K, used 164228K [0x0000000080000000, 0x0000000100000000)
  region size 1024K, 13 young (13312K), 13 survivors (13312K)
 Metaspace       used 100619K, committed 101696K, reserved 557056K
  class space    used 14165K, committed 14656K, reserved 425984K
}
Event: 47.496 GC heap before
{Heap before GC invocations=71 (full 0):
 garbage-first heap   total 336896K, used 255364K [0x0000000080000000, 0x0000000100000000)
  region size 1024K, 102 young (104448K), 13 survivors (13312K)
 Metaspace       used 102029K, committed 103168K, reserved 557056K
  class space    used 14304K, committed 14848K, reserved 425984K
}
Event: 47.510 GC heap after
{Heap after GC invocations=72 (full 0):
 garbage-first heap   total 336896K, used 175651K [0x0000000080000000, 0x0000000100000000)
  region size 1024K, 12 young (12288K), 12 survivors (12288K)
 Metaspace       used 102029K, committed 103168K, reserved 557056K
  class space    used 14304K, committed 14848K, reserved 425984K
}
Event: 48.779 GC heap before
{Heap before GC invocations=72 (full 0):
 garbage-first heap   total 336896K, used 260643K [0x0000000080000000, 0x0000000100000000)
  region size 1024K, 96 young (98304K), 12 survivors (12288K)
 Metaspace       used 103455K, committed 104576K, reserved 557056K
  class space    used 14559K, committed 15104K, reserved 425984K
}
Event: 48.798 GC heap after
{Heap after GC invocations=73 (full 0):
 garbage-first heap   total 336896K, used 182904K [0x0000000080000000, 0x0000000100000000)
  region size 1024K, 8 young (8192K), 8 survivors (8192K)
 Metaspace       used 103455K, committed 104576K, reserved 557056K
  class space    used 14559K, committed 15104K, reserved 425984K
}

